\BOOKMARK [0][-]{chapter.1}{Introduction}{}% 1
\BOOKMARK [0][-]{chapter.2}{The Standard Model and beyond}{}% 2
\BOOKMARK [1][-]{section.2.1}{The Standard Model}{chapter.2}% 3
\BOOKMARK [2][-]{subsection.2.1.1}{Particles and interactions}{section.2.1}% 4
\BOOKMARK [2][-]{subsection.2.1.2}{Spontaneous symmetry breaking}{section.2.1}% 5
\BOOKMARK [2][-]{subsection.2.1.3}{The Higgs mechanism}{section.2.1}% 6
\BOOKMARK [2][-]{subsection.2.1.4}{The Higgs boson discovery at LHC}{section.2.1}% 7
\BOOKMARK [1][-]{section.2.2}{The hierarchy problem and other SM limitations}{chapter.2}% 8
\BOOKMARK [1][-]{section.2.3}{Theories of new physics}{chapter.2}% 9
\BOOKMARK [2][-]{subsection.2.3.1}{Warped Extra dimensions}{section.2.3}% 10
\BOOKMARK [2][-]{subsection.2.3.2}{Compositeness}{section.2.3}% 11
\BOOKMARK [2][-]{subsection.2.3.3}{Heavy vector triplet}{section.2.3}% 12
\BOOKMARK [0][-]{chapter.3}{The CMS Experiment at the LHC}{}% 13
\BOOKMARK [1][-]{section.3.1}{The Large Hadron Collider}{chapter.3}% 14
\BOOKMARK [1][-]{section.3.2}{The CMS Detector}{chapter.3}% 15
\BOOKMARK [2][-]{subsection.3.2.1}{Tracking detectors}{section.3.2}% 16
\BOOKMARK [2][-]{subsection.3.2.2}{Calorimetry}{section.3.2}% 17
\BOOKMARK [2][-]{subsection.3.2.3}{Muon detectors}{section.3.2}% 18
\BOOKMARK [2][-]{subsection.3.2.4}{The trigger system}{section.3.2}% 19
\BOOKMARK [-1][-]{part.1}{I Search for diboson resonances with CMS}{}% 20
\BOOKMARK [0][-]{chapter.4}{Diboson resonances as signature for new physics}{part.1}% 21
\BOOKMARK [0][-]{chapter.5}{Event simulation}{part.1}% 22
\BOOKMARK [1][-]{section.5.1}{Monte Carlo event generators}{chapter.5}% 23
\BOOKMARK [1][-]{section.5.2}{Simulation of physics processes}{chapter.5}% 24
\BOOKMARK [2][-]{subsection.5.2.1}{Simulation of signal processes}{section.5.2}% 25
\BOOKMARK [2][-]{subsection.5.2.2}{Simulation of background processes}{section.5.2}% 26
\BOOKMARK [0][-]{chapter.6}{Object and event reconstruction}{part.1}% 27
\BOOKMARK [1][-]{section.6.1}{Tracks and vertices}{chapter.6}% 28
\BOOKMARK [1][-]{section.6.2}{Electrons}{chapter.6}% 29
\BOOKMARK [1][-]{section.6.3}{Muons}{chapter.6}% 30
\BOOKMARK [1][-]{section.6.4}{Jets}{chapter.6}% 31
\BOOKMARK [2][-]{subsection.6.4.1}{Identification of b jets}{section.6.4}% 32
\BOOKMARK [1][-]{section.6.5}{Missing transverse energy}{chapter.6}% 33
\BOOKMARK [1][-]{section.6.6}{W reconstruction}{chapter.6}% 34
\BOOKMARK [0][-]{chapter.7}{Boosted Hbb and W/Zqq\('\) identification with jet substructure}{part.1}% 35
\BOOKMARK [1][-]{section.7.1}{Jet substructure algorithms}{chapter.7}% 36
\BOOKMARK [2][-]{subsection.7.1.1}{Jet pruning}{section.7.1}% 37
\BOOKMARK [2][-]{subsection.7.1.2}{N-subjettiness}{section.7.1}% 38
\BOOKMARK [1][-]{section.7.2}{W/Z-tagging validation in top enriched sample}{chapter.7}% 39
\BOOKMARK [1][-]{section.7.3}{H-tagging algorithm}{chapter.7}% 40
\BOOKMARK [0][-]{chapter.8}{Final event selection and categorization}{part.1}% 41
\BOOKMARK [1][-]{section.8.1}{Search for a WH resonance in the bb final state at s = 8 TeV}{chapter.8}% 42
\BOOKMARK [2][-]{subsection.8.1.1}{tt background rejection}{section.8.1}% 43
\BOOKMARK [2][-]{subsection.8.1.2}{Final selection and control plots}{section.8.1}% 44
\BOOKMARK [1][-]{section.8.2}{Search for WW/WZ resonances in the qq\('\) final state at s = 13 TeV}{chapter.8}% 45
\BOOKMARK [2][-]{subsection.8.2.1}{W/Z-jet mass categories}{section.8.2}% 46
\BOOKMARK [2][-]{subsection.8.2.2}{Final selection and control plots}{section.8.2}% 47
\BOOKMARK [0][-]{chapter.9}{Background modeling}{part.1}% 48
\BOOKMARK [1][-]{section.9.1}{W+jets background estimate with alpha method}{chapter.9}% 49
\BOOKMARK [2][-]{subsection.9.1.1}{Description}{section.9.1}% 50
\BOOKMARK [2][-]{subsection.9.1.2}{Extraction of the W+jets normalization}{section.9.1}% 51
\BOOKMARK [2][-]{subsection.9.1.3}{Extraction of the W+jets shape}{section.9.1}% 52
\BOOKMARK [1][-]{section.9.2}{Top quark production}{chapter.9}% 53
\BOOKMARK [1][-]{section.9.3}{Systematic uncertainties in the background estimation}{chapter.9}% 54
\BOOKMARK [0][-]{chapter.10}{Signal modeling and statistical treatment}{part.1}% 55
\BOOKMARK [1][-]{section.10.1}{Signal modeling}{chapter.10}% 56
\BOOKMARK [2][-]{subsection.10.1.1}{Parametrization of the resonance mass}{section.10.1}% 57
\BOOKMARK [2][-]{subsection.10.1.2}{Signal efficiency}{section.10.1}% 58
\BOOKMARK [1][-]{section.10.2}{Systematic uncertainties in the signal prediction}{chapter.10}% 59
\BOOKMARK [1][-]{section.10.3}{Testing new resonance hypothesis}{chapter.10}% 60
\BOOKMARK [2][-]{subsection.10.3.1}{Profile likelihood procedure}{section.10.3}% 61
\BOOKMARK [2][-]{subsection.10.3.2}{The CLs method}{section.10.3}% 62
\BOOKMARK [2][-]{subsection.10.3.3}{Treatment of uncertainties}{section.10.3}% 63
\BOOKMARK [0][-]{chapter.11}{Results with 8 TeV data}{part.1}% 64
\BOOKMARK [1][-]{section.11.1}{Final mWH distribution}{chapter.11}% 65
\BOOKMARK [1][-]{section.11.2}{Studies on the excess}{chapter.11}% 66
\BOOKMARK [1][-]{section.11.3}{Significance of the data}{chapter.11}% 67
\BOOKMARK [1][-]{section.11.4}{Cross section limits}{chapter.11}% 68
\BOOKMARK [0][-]{chapter.12}{Results with 13 TeV data}{part.1}% 69
\BOOKMARK [1][-]{section.12.1}{Final mWV distribution}{chapter.12}% 70
\BOOKMARK [1][-]{section.12.2}{Cross section limits}{chapter.12}% 71
\BOOKMARK [0][-]{chapter.13}{Combination of searches for diboson resonances at s = 8 and 13 TeV}{part.1}% 72
\BOOKMARK [1][-]{section.13.1}{Inputs to the combination}{chapter.13}% 73
\BOOKMARK [2][-]{subsection.13.1.1}{8 TeV VV searches}{section.13.1}% 74
\BOOKMARK [2][-]{subsection.13.1.2}{13 TeV VV searches}{section.13.1}% 75
\BOOKMARK [2][-]{subsection.13.1.3}{8 TeV VH searches}{section.13.1}% 76
\BOOKMARK [2][-]{subsection.13.1.4}{13 TeV VH searches}{section.13.1}% 77
\BOOKMARK [1][-]{section.13.2}{Combination procedure}{chapter.13}% 78
\BOOKMARK [1][-]{section.13.3}{Results}{chapter.13}% 79
\BOOKMARK [2][-]{subsection.13.3.1}{Limits on W'}{section.13.3}% 80
\BOOKMARK [2][-]{subsection.13.3.2}{Limits on Z'}{section.13.3}% 81
\BOOKMARK [2][-]{subsection.13.3.3}{Limits on heavy vector triplet \(W'+Z'\)}{section.13.3}% 82
\BOOKMARK [2][-]{subsection.13.3.4}{Limits on Bulk Graviton}{section.13.3}% 83
\BOOKMARK [2][-]{subsection.13.3.5}{Significance at 2 TeV}{section.13.3}% 84
\BOOKMARK [0][-]{chapter.14}{Conclusions}{part.1}% 85
\BOOKMARK [-1][-]{part.2}{II Calibration and Upgrade of the CMS Pixel Barrel Detector}{}% 86
\BOOKMARK [0][-]{chapter.15}{introduction chapter: why pixels are so important for physics}{part.2}% 87
\BOOKMARK [0][-]{chapter.16}{The CMS Pixel Barrel Detector}{part.2}% 88
\BOOKMARK [1][-]{section.16.1}{Design of the CMS Pixel Barrel Detector}{chapter.16}% 89
\BOOKMARK [1][-]{section.16.2}{Detector modules}{chapter.16}% 90
\BOOKMARK [2][-]{subsection.16.2.1}{Sensor}{section.16.2}% 91
\BOOKMARK [2][-]{subsection.16.2.2}{Readout Chip}{section.16.2}% 92
\BOOKMARK [2][-]{subsection.16.2.3}{Token Bit Manager}{section.16.2}% 93
\BOOKMARK [1][-]{section.16.3}{Readout and control system}{chapter.16}% 94
\BOOKMARK [2][-]{subsection.16.3.1}{Analog readout chain}{section.16.3}% 95
\BOOKMARK [2][-]{subsection.16.3.2}{Front End Driver}{section.16.3}% 96
\BOOKMARK [2][-]{subsection.16.3.3}{Supply Tube}{section.16.3}% 97
\BOOKMARK [2][-]{subsection.16.3.4}{Communication and Control Unit}{section.16.3}% 98
\BOOKMARK [2][-]{subsection.16.3.5}{Front End Controller}{section.16.3}% 99
\BOOKMARK [1][-]{section.16.4}{Pixel Online Software}{chapter.16}% 100
\BOOKMARK [1][-]{section.16.5}{Performance at s = 8 and 13 TeV}{chapter.16}% 101
\BOOKMARK [0][-]{chapter.17}{Optimization and commissioning for LHC Run II}{part.2}% 102
\BOOKMARK [1][-]{section.17.1}{Radiation damage after LHC Run I}{chapter.17}% 103
\BOOKMARK [1][-]{section.17.2}{Optimization for LHC Run II}{chapter.17}% 104
\BOOKMARK [2][-]{subsection.17.2.1}{Overview of pixel calibrations}{section.17.2}% 105
\BOOKMARK [2][-]{subsection.17.2.2}{Temperature dependence}{section.17.2}% 106
\BOOKMARK [1][-]{section.17.3}{Commissioning for LHC Run II}{chapter.17}% 107
\BOOKMARK [2][-]{subsection.17.3.1}{Installation into CMS}{section.17.3}% 108
\BOOKMARK [2][-]{subsection.17.3.2}{Check out of optical connections}{section.17.3}% 109
\BOOKMARK [2][-]{subsection.17.3.3}{Adjustment of readout chain settings}{section.17.3}% 110
\BOOKMARK [2][-]{subsection.17.3.4}{Optimisation of signal performance}{section.17.3}% 111
\BOOKMARK [0][-]{chapter.18}{Phase I Upgrade of the CMS Pixel Barrel Detector}{part.2}% 112
\BOOKMARK [1][-]{section.18.1}{Motivations}{chapter.18}% 113
\BOOKMARK [1][-]{section.18.2}{Summary of changes}{chapter.18}% 114
\BOOKMARK [1][-]{section.18.3}{The digital readout chain}{chapter.18}% 115
\BOOKMARK [1][-]{section.18.4}{The Phase I supply tubes}{chapter.18}% 116
\BOOKMARK [1][-]{section.18.5}{The test stand}{chapter.18}% 117
\BOOKMARK [1][-]{section.18.6}{Supply tubes assembly and commissioning}{chapter.18}% 118
\BOOKMARK [1][-]{section.18.7}{Detector commissioning}{chapter.18}% 119
\BOOKMARK [0][-]{chapter.19}{Conclusions}{part.2}% 120
\BOOKMARK [-1][-]{part.3}{III Summary}{}% 121
\BOOKMARK [0][-]{chapter*.81}{Bibliography}{part.3}% 122
